Build started 2017/4/11 16:27:59.
     1>Project "F:\Codes\opengl\KittenHome\KittenLaplace\KittenLaplace\KittenLaplace.vcxproj" on node 2 (Build target(s)).
     1>ClCompile:
         B:\vs2013update5\install\VC\bin\CL.exe /c /ZI /nologo /W3 /WX- /sdl /Od /Oy- /D _MBCS /Gm /EHsc /RTC1 /MDd /GS /fp:precise /Zc:wchar_t /Zc:forScope /Fo"Debug\\" /Fd"Debug\vc120.pdb" /Gd /TP /analyze- /errorReport:prompt Source.cpp
         Source.cpp
     1>f:\codes\opengl\kittenhome\kittenlaplace\kittenlaplace\camera.h(58): warning C4244: '-=' : conversion from 'double' to 'GLfloat', possible loss of data
     1>f:\codes\opengl\kittenhome\kittenlaplace\kittenlaplace\simpleobjloader.h(243): warning C4018: '<' : signed/unsigned mismatch
     1>f:\codes\opengl\kittenhome\kittenlaplace\kittenlaplace\source.cpp(194): warning C4244: 'initializing' : conversion from 'double' to 'GLfloat', possible loss of data
     1>f:\codes\opengl\kittenhome\kittenlaplace\kittenlaplace\source.cpp(195): warning C4244: 'initializing' : conversion from 'double' to 'GLfloat', possible loss of data
     1>f:\codes\opengl\kittenhome\kittenlaplace\kittenlaplace\source.cpp(197): warning C4305: '*=' : truncation from 'double' to 'GLfloat'
     1>f:\codes\opengl\kittenhome\kittenlaplace\kittenlaplace\source.cpp(198): warning C4305: '*=' : truncation from 'double' to 'GLfloat'
     1>f:\codes\opengl\kittenhome\kittenlaplace\kittenlaplace\source.cpp(203): warning C4244: '=' : conversion from 'double' to 'GLfloat', possible loss of data
     1>f:\codes\opengl\kittenhome\kittenlaplace\kittenlaplace\source.cpp(204): warning C4244: '=' : conversion from 'double' to 'GLfloat', possible loss of data
     1>f:\codes\opengl\kittenhome\kittenlaplace\kittenlaplace\source.cpp(213): warning C4244: 'argument' : conversion from 'double' to 'GLfloat', possible loss of data
       Link:
         B:\vs2013update5\install\VC\bin\link.exe /ERRORREPORT:PROMPT /OUT:"F:\Codes\opengl\KittenHome\KittenLaplace\Debug\KittenLaplace.exe" /INCREMENTAL /NOLOGO opengl32.lib glfw3.lib glew32s.lib SOIL.lib kernel32.lib user32.lib gdi32.lib winspool.lib comdlg32.lib advapi32.lib shell32.lib ole32.lib oleaut32.lib uuid.lib odbc32.lib odbccp32.lib /MANIFEST /MANIFESTUAC:"level='asInvoker' uiAccess='false'" /manifest:embed /DEBUG /PDB:"F:\Codes\opengl\KittenHome\KittenLaplace\Debug\KittenLaplace.pdb" /TLBID:1 /DYNAMICBASE /NXCOMPAT /IMPLIB:"F:\Codes\opengl\KittenHome\KittenLaplace\Debug\KittenLaplace.lib" /MACHINE:X86 Debug\Source.obj
     1>LINK : warning LNK4098: defaultlib 'LIBCMT' conflicts with use of other libs; use /NODEFAULTLIB:library
     1>glfw3.lib(context.obj) : warning LNK4099: PDB 'vc120.pdb' was not found with 'glfw3.lib(context.obj)' or at 'F:\Codes\opengl\KittenHome\KittenLaplace\Debug\vc120.pdb'; linking object as if no debug info
     1>glfw3.lib(init.obj) : warning LNK4099: PDB 'vc120.pdb' was not found with 'glfw3.lib(init.obj)' or at 'F:\Codes\opengl\KittenHome\KittenLaplace\Debug\vc120.pdb'; linking object as if no debug info
     1>glfw3.lib(input.obj) : warning LNK4099: PDB 'vc120.pdb' was not found with 'glfw3.lib(input.obj)' or at 'F:\Codes\opengl\KittenHome\KittenLaplace\Debug\vc120.pdb'; linking object as if no debug info
     1>glfw3.lib(monitor.obj) : warning LNK4099: PDB 'vc120.pdb' was not found with 'glfw3.lib(monitor.obj)' or at 'F:\Codes\opengl\KittenHome\KittenLaplace\Debug\vc120.pdb'; linking object as if no debug info
     1>glfw3.lib(vulkan.obj) : warning LNK4099: PDB 'vc120.pdb' was not found with 'glfw3.lib(vulkan.obj)' or at 'F:\Codes\opengl\KittenHome\KittenLaplace\Debug\vc120.pdb'; linking object as if no debug info
     1>glfw3.lib(window.obj) : warning LNK4099: PDB 'vc120.pdb' was not found with 'glfw3.lib(window.obj)' or at 'F:\Codes\opengl\KittenHome\KittenLaplace\Debug\vc120.pdb'; linking object as if no debug info
     1>glfw3.lib(win32_init.obj) : warning LNK4099: PDB 'vc120.pdb' was not found with 'glfw3.lib(win32_init.obj)' or at 'F:\Codes\opengl\KittenHome\KittenLaplace\Debug\vc120.pdb'; linking object as if no debug info
     1>glfw3.lib(win32_joystick.obj) : warning LNK4099: PDB 'vc120.pdb' was not found with 'glfw3.lib(win32_joystick.obj)' or at 'F:\Codes\opengl\KittenHome\KittenLaplace\Debug\vc120.pdb'; linking object as if no debug info
     1>glfw3.lib(win32_monitor.obj) : warning LNK4099: PDB 'vc120.pdb' was not found with 'glfw3.lib(win32_monitor.obj)' or at 'F:\Codes\opengl\KittenHome\KittenLaplace\Debug\vc120.pdb'; linking object as if no debug info
     1>glfw3.lib(win32_time.obj) : warning LNK4099: PDB 'vc120.pdb' was not found with 'glfw3.lib(win32_time.obj)' or at 'F:\Codes\opengl\KittenHome\KittenLaplace\Debug\vc120.pdb'; linking object as if no debug info
     1>glfw3.lib(win32_tls.obj) : warning LNK4099: PDB 'vc120.pdb' was not found with 'glfw3.lib(win32_tls.obj)' or at 'F:\Codes\opengl\KittenHome\KittenLaplace\Debug\vc120.pdb'; linking object as if no debug info
     1>glfw3.lib(win32_window.obj) : warning LNK4099: PDB 'vc120.pdb' was not found with 'glfw3.lib(win32_window.obj)' or at 'F:\Codes\opengl\KittenHome\KittenLaplace\Debug\vc120.pdb'; linking object as if no debug info
     1>glfw3.lib(wgl_context.obj) : warning LNK4099: PDB 'vc120.pdb' was not found with 'glfw3.lib(wgl_context.obj)' or at 'F:\Codes\opengl\KittenHome\KittenLaplace\Debug\vc120.pdb'; linking object as if no debug info
     1>glfw3.lib(egl_context.obj) : warning LNK4099: PDB 'vc120.pdb' was not found with 'glfw3.lib(egl_context.obj)' or at 'F:\Codes\opengl\KittenHome\KittenLaplace\Debug\vc120.pdb'; linking object as if no debug info
     1>glew32s.lib(glew.obj) : warning LNK4099: PDB 'vc100.pdb' was not found with 'glew32s.lib(glew.obj)' or at 'F:\Codes\opengl\KittenHome\KittenLaplace\Debug\vc100.pdb'; linking object as if no debug info
         KittenLaplace.vcxproj -> F:\Codes\opengl\KittenHome\KittenLaplace\Debug\KittenLaplace.exe
     1>Done Building Project "F:\Codes\opengl\KittenHome\KittenLaplace\KittenLaplace\KittenLaplace.vcxproj" (Build target(s)).

Build succeeded.

Time Elapsed 00:00:01.12
